cl : 명령줄 warning D9028: 최소 다시 빌드에 실패했습니다. 정상 빌드로 되돌립니다.
  Server.cpp
d:\졸 업 작 품\servertermproject\gameservermmorpg\chessserver\chessserver\chessserver\server.cpp(28): warning C4244: '인수': 'int'에서 'float'(으)로 변환하면서 데이터가 손실될 수 있습니다.
d:\졸 업 작 품\servertermproject\gameservermmorpg\chessserver\chessserver\chessserver\server.cpp(356): warning C4244: '=': 'int'에서 'FLOAT'(으)로 변환하면서 데이터가 손실될 수 있습니다.
d:\졸 업 작 품\servertermproject\gameservermmorpg\chessserver\chessserver\chessserver\server.cpp(357): warning C4244: '=': 'int'에서 'FLOAT'(으)로 변환하면서 데이터가 손실될 수 있습니다.
d:\졸 업 작 품\servertermproject\gameservermmorpg\chessserver\chessserver\chessserver\server.cpp(358): warning C4244: '인수': 'FLOAT'에서 'int'(으)로 변환하면서 데이터가 손실될 수 있습니다.
d:\졸 업 작 품\servertermproject\gameservermmorpg\chessserver\chessserver\chessserver\server.cpp(370): warning C4244: '=': 'int'에서 'FLOAT'(으)로 변환하면서 데이터가 손실될 수 있습니다.
d:\졸 업 작 품\servertermproject\gameservermmorpg\chessserver\chessserver\chessserver\server.cpp(371): warning C4244: '=': 'int'에서 'FLOAT'(으)로 변환하면서 데이터가 손실될 수 있습니다.
d:\졸 업 작 품\servertermproject\gameservermmorpg\chessserver\chessserver\chessserver\server.cpp(372): warning C4244: '인수': 'FLOAT'에서 'int'(으)로 변환하면서 데이터가 손실될 수 있습니다.
d:\졸 업 작 품\servertermproject\gameservermmorpg\chessserver\chessserver\chessserver\server.cpp(457): warning C4244: '=': 'int'에서 'FLOAT'(으)로 변환하면서 데이터가 손실될 수 있습니다.
d:\졸 업 작 품\servertermproject\gameservermmorpg\chessserver\chessserver\chessserver\server.cpp(458): warning C4244: '=': 'int'에서 'FLOAT'(으)로 변환하면서 데이터가 손실될 수 있습니다.
d:\졸 업 작 품\servertermproject\gameservermmorpg\chessserver\chessserver\chessserver\server.cpp(468): warning C4244: '인수': 'FLOAT'에서 'int'(으)로 변환하면서 데이터가 손실될 수 있습니다.
d:\졸 업 작 품\servertermproject\gameservermmorpg\chessserver\chessserver\chessserver\server.cpp(469): warning C4244: '인수': 'FLOAT'에서 'int'(으)로 변환하면서 데이터가 손실될 수 있습니다.
d:\졸 업 작 품\servertermproject\gameservermmorpg\chessserver\chessserver\chessserver\server.cpp(478): warning C4244: '=': 'int'에서 'FLOAT'(으)로 변환하면서 데이터가 손실될 수 있습니다.
d:\졸 업 작 품\servertermproject\gameservermmorpg\chessserver\chessserver\chessserver\server.cpp(479): warning C4244: '=': 'int'에서 'FLOAT'(으)로 변환하면서 데이터가 손실될 수 있습니다.
d:\졸 업 작 품\servertermproject\gameservermmorpg\chessserver\chessserver\chessserver\server.cpp(489): warning C4244: '인수': 'FLOAT'에서 'int'(으)로 변환하면서 데이터가 손실될 수 있습니다.
d:\졸 업 작 품\servertermproject\gameservermmorpg\chessserver\chessserver\chessserver\server.cpp(490): warning C4244: '인수': 'FLOAT'에서 'int'(으)로 변환하면서 데이터가 손실될 수 있습니다.
d:\졸 업 작 품\servertermproject\gameservermmorpg\chessserver\chessserver\chessserver\server.cpp(499): warning C4244: '=': 'int'에서 'FLOAT'(으)로 변환하면서 데이터가 손실될 수 있습니다.
d:\졸 업 작 품\servertermproject\gameservermmorpg\chessserver\chessserver\chessserver\server.cpp(500): warning C4244: '=': 'int'에서 'FLOAT'(으)로 변환하면서 데이터가 손실될 수 있습니다.
d:\졸 업 작 품\servertermproject\gameservermmorpg\chessserver\chessserver\chessserver\server.cpp(510): warning C4244: '인수': 'FLOAT'에서 'int'(으)로 변환하면서 데이터가 손실될 수 있습니다.
d:\졸 업 작 품\servertermproject\gameservermmorpg\chessserver\chessserver\chessserver\server.cpp(511): warning C4244: '인수': 'FLOAT'에서 'int'(으)로 변환하면서 데이터가 손실될 수 있습니다.
d:\졸 업 작 품\servertermproject\gameservermmorpg\chessserver\chessserver\chessserver\server.cpp(520): warning C4244: '=': 'int'에서 'FLOAT'(으)로 변환하면서 데이터가 손실될 수 있습니다.
d:\졸 업 작 품\servertermproject\gameservermmorpg\chessserver\chessserver\chessserver\server.cpp(521): warning C4244: '=': 'int'에서 'FLOAT'(으)로 변환하면서 데이터가 손실될 수 있습니다.
d:\졸 업 작 품\servertermproject\gameservermmorpg\chessserver\chessserver\chessserver\server.cpp(531): warning C4244: '인수': 'FLOAT'에서 'int'(으)로 변환하면서 데이터가 손실될 수 있습니다.
d:\졸 업 작 품\servertermproject\gameservermmorpg\chessserver\chessserver\chessserver\server.cpp(532): warning C4244: '인수': 'FLOAT'에서 'int'(으)로 변환하면서 데이터가 손실될 수 있습니다.
d:\졸 업 작 품\servertermproject\gameservermmorpg\chessserver\chessserver\chessserver\server.cpp(654): warning C4996: 'wcscpy': This function or variable may be unsafe. Consider using wcscpy_s instead. To disable deprecation, use _CRT_SECURE_NO_WARNINGS. See online help for details.
  c:\program files (x86)\windows kits\10\include\10.0.10240.0\ucrt\corecrt_wstring.h(121): note: 'wcscpy' 선언을 참조하십시오.
d:\졸 업 작 품\servertermproject\gameservermmorpg\chessserver\chessserver\chessserver\server.cpp(703): warning C4244: '=': 'int'에서 'FLOAT'(으)로 변환하면서 데이터가 손실될 수 있습니다.
d:\졸 업 작 품\servertermproject\gameservermmorpg\chessserver\chessserver\chessserver\server.cpp(704): warning C4244: '=': 'int'에서 'FLOAT'(으)로 변환하면서 데이터가 손실될 수 있습니다.
d:\졸 업 작 품\servertermproject\gameservermmorpg\chessserver\chessserver\chessserver\server.cpp(705): warning C4244: '=': 'int'에서 'FLOAT'(으)로 변환하면서 데이터가 손실될 수 있습니다.
d:\졸 업 작 품\servertermproject\gameservermmorpg\chessserver\chessserver\chessserver\server.cpp(706): warning C4244: '=': 'int'에서 'FLOAT'(으)로 변환하면서 데이터가 손실될 수 있습니다.
d:\졸 업 작 품\servertermproject\gameservermmorpg\chessserver\chessserver\chessserver\server.cpp(723): warning C4244: '=': 'int'에서 'FLOAT'(으)로 변환하면서 데이터가 손실될 수 있습니다.
d:\졸 업 작 품\servertermproject\gameservermmorpg\chessserver\chessserver\chessserver\server.cpp(724): warning C4244: '=': 'int'에서 'FLOAT'(으)로 변환하면서 데이터가 손실될 수 있습니다.
d:\졸 업 작 품\servertermproject\gameservermmorpg\chessserver\chessserver\chessserver\server.cpp(725): warning C4244: '=': 'int'에서 'FLOAT'(으)로 변환하면서 데이터가 손실될 수 있습니다.
d:\졸 업 작 품\servertermproject\gameservermmorpg\chessserver\chessserver\chessserver\server.cpp(726): warning C4244: '=': 'int'에서 'FLOAT'(으)로 변환하면서 데이터가 손실될 수 있습니다.
d:\졸 업 작 품\servertermproject\gameservermmorpg\chessserver\chessserver\chessserver\server.cpp(744): warning C4244: '=': 'int'에서 'FLOAT'(으)로 변환하면서 데이터가 손실될 수 있습니다.
d:\졸 업 작 품\servertermproject\gameservermmorpg\chessserver\chessserver\chessserver\server.cpp(745): warning C4244: '=': 'int'에서 'FLOAT'(으)로 변환하면서 데이터가 손실될 수 있습니다.
d:\졸 업 작 품\servertermproject\gameservermmorpg\chessserver\chessserver\chessserver\server.cpp(746): warning C4244: '=': 'int'에서 'FLOAT'(으)로 변환하면서 데이터가 손실될 수 있습니다.
d:\졸 업 작 품\servertermproject\gameservermmorpg\chessserver\chessserver\chessserver\server.cpp(747): warning C4244: '=': 'int'에서 'FLOAT'(으)로 변환하면서 데이터가 손실될 수 있습니다.
d:\졸 업 작 품\servertermproject\gameservermmorpg\chessserver\chessserver\chessserver\server.cpp(776): warning C4244: '초기화 중': 'double'에서 'int'(으)로 변환하면서 데이터가 손실될 수 있습니다.
d:\졸 업 작 품\servertermproject\gameservermmorpg\chessserver\chessserver\chessserver\server.cpp(782): warning C4244: '초기화 중': 'double'에서 'int'(으)로 변환하면서 데이터가 손실될 수 있습니다.
d:\졸 업 작 품\servertermproject\gameservermmorpg\chessserver\chessserver\chessserver\server.cpp(1046): warning C4101: 'iobyte' :참조되지 않은 지역 변수입니다.
  chessServer.vcxproj -> D:\졸 업 작 품\serverTermProject\GameServerMMORPG\ChessServer\chessServer\Debug\chessServer.exe
