d:\졸 업 작 품\servertermproject\gameservermmorpg\chessclient\win32project1\debug\win32project1.pch
d:\졸 업 작 품\servertermproject\gameservermmorpg\chessclient\win32project1\debug\vc140.pdb
d:\졸 업 작 품\servertermproject\gameservermmorpg\chessclient\win32project1\debug\vc140.idb
d:\졸 업 작 품\servertermproject\gameservermmorpg\chessclient\win32project1\debug\stdafx.obj
d:\졸 업 작 품\servertermproject\gameservermmorpg\chessclient\win32project1\debug\gameboard.obj
d:\졸 업 작 품\servertermproject\gameservermmorpg\chessclient\win32project1\debug\player.obj
d:\졸 업 작 품\servertermproject\gameservermmorpg\chessclient\win32project1\debug\server.obj
d:\졸 업 작 품\servertermproject\gameservermmorpg\chessclient\win32project1\debug\main.obj
d:\졸 업 작 품\servertermproject\gameservermmorpg\chessclient\win32project1\debug\win32project1.res
d:\졸 업 작 품\servertermproject\gameservermmorpg\chessclient\debug\win32project1.pdb
d:\졸 업 작 품\servertermproject\gameservermmorpg\chessclient\debug\win32project1.exe
d:\졸 업 작 품\servertermproject\gameservermmorpg\chessclient\win32project1\debug\win32project1.tlog\cl.command.1.tlog
d:\졸 업 작 품\servertermproject\gameservermmorpg\chessclient\win32project1\debug\win32project1.tlog\cl.read.1.tlog
d:\졸 업 작 품\servertermproject\gameservermmorpg\chessclient\win32project1\debug\win32project1.tlog\cl.write.1.tlog
d:\졸 업 작 품\servertermproject\gameservermmorpg\chessclient\win32project1\debug\win32project1.tlog\link.command.1.tlog
d:\졸 업 작 품\servertermproject\gameservermmorpg\chessclient\win32project1\debug\win32project1.tlog\link.read.1.tlog
d:\졸 업 작 품\servertermproject\gameservermmorpg\chessclient\win32project1\debug\win32project1.tlog\link.write.1.tlog
d:\졸 업 작 품\servertermproject\gameservermmorpg\chessclient\win32project1\debug\win32project1.tlog\rc.command.1.tlog
d:\졸 업 작 품\servertermproject\gameservermmorpg\chessclient\win32project1\debug\win32project1.tlog\rc.read.1.tlog
d:\졸 업 작 품\servertermproject\gameservermmorpg\chessclient\win32project1\debug\win32project1.tlog\rc.write.1.tlog
